<?xml version="1.0" encoding="UTF-8"?>
<testsuite xmlns:xsi="http://www.w3.org/2001/XMLSchema-instance" xsi:noNamespaceSchemaLocation="https://maven.apache.org/surefire/maven-surefire-plugin/xsd/surefire-test-report-3.0.xsd" version="3.0" name="com.limitbeyond.controller.FeedbackControllerTest" time="2.017" tests="3" errors="0" skipped="0" failures="0">
  <properties>
    <property name="java.specification.version" value="23"/>
    <property name="sun.cpu.isalist" value="amd64"/>
    <property name="sun.jnu.encoding" value="Cp1252"/>
    <property name="java.class.path" value="C:\Users\user\Desktop\limitbeyond2.0\backend\target\test-classes;C:\Users\user\Desktop\limitbeyond2.0\backend\target\classes;C:\Users\user\.m2\repository\org\springframework\boot\spring-boot-starter-web\3.2.3\spring-boot-starter-web-3.2.3.jar;C:\Users\user\.m2\repository\org\springframework\boot\spring-boot-starter\3.2.3\spring-boot-starter-3.2.3.jar;C:\Users\user\.m2\repository\org\springframework\boot\spring-boot\3.2.3\spring-boot-3.2.3.jar;C:\Users\user\.m2\repository\org\springframework\boot\spring-boot-autoconfigure\3.2.3\spring-boot-autoconfigure-3.2.3.jar;C:\Users\user\.m2\repository\org\springframework\boot\spring-boot-starter-logging\3.2.3\spring-boot-starter-logging-3.2.3.jar;C:\Users\user\.m2\repository\ch\qos\logback\logback-classic\1.4.14\logback-classic-1.4.14.jar;C:\Users\user\.m2\repository\ch\qos\logback\logback-core\1.4.14\logback-core-1.4.14.jar;C:\Users\user\.m2\repository\org\apache\logging\log4j\log4j-to-slf4j\2.21.1\log4j-to-slf4j-2.21.1.jar;C:\Users\user\.m2\repository\org\apache\logging\log4j\log4j-api\2.21.1\log4j-api-2.21.1.jar;C:\Users\user\.m2\repository\org\slf4j\jul-to-slf4j\2.0.12\jul-to-slf4j-2.0.12.jar;C:\Users\user\.m2\repository\jakarta\annotation\jakarta.annotation-api\2.1.1\jakarta.annotation-api-2.1.1.jar;C:\Users\user\.m2\repository\org\yaml\snakeyaml\2.2\snakeyaml-2.2.jar;C:\Users\user\.m2\repository\org\springframework\boot\spring-boot-starter-json\3.2.3\spring-boot-starter-json-3.2.3.jar;C:\Users\user\.m2\repository\com\fasterxml\jackson\datatype\jackson-datatype-jdk8\2.15.4\jackson-datatype-jdk8-2.15.4.jar;C:\Users\user\.m2\repository\com\fasterxml\jackson\datatype\jackson-datatype-jsr310\2.15.4\jackson-datatype-jsr310-2.15.4.jar;C:\Users\user\.m2\repository\com\fasterxml\jackson\module\jackson-module-parameter-names\2.15.4\jackson-module-parameter-names-2.15.4.jar;C:\Users\user\.m2\repository\org\springframework\boot\spring-boot-starter-tomcat\3.2.3\spring-boot-starter-tomcat-3.2.3.jar;C:\Users\user\.m2\repository\org\apache\tomcat\embed\tomcat-embed-core\10.1.19\tomcat-embed-core-10.1.19.jar;C:\Users\user\.m2\repository\org\apache\tomcat\embed\tomcat-embed-websocket\10.1.19\tomcat-embed-websocket-10.1.19.jar;C:\Users\user\.m2\repository\org\springframework\spring-web\6.1.4\spring-web-6.1.4.jar;C:\Users\user\.m2\repository\org\springframework\spring-beans\6.1.4\spring-beans-6.1.4.jar;C:\Users\user\.m2\repository\io\micrometer\micrometer-observation\1.12.3\micrometer-observation-1.12.3.jar;C:\Users\user\.m2\repository\io\micrometer\micrometer-commons\1.12.3\micrometer-commons-1.12.3.jar;C:\Users\user\.m2\repository\org\springframework\spring-webmvc\6.1.4\spring-webmvc-6.1.4.jar;C:\Users\user\.m2\repository\org\springframework\spring-context\6.1.4\spring-context-6.1.4.jar;C:\Users\user\.m2\repository\org\springframework\spring-expression\6.1.4\spring-expression-6.1.4.jar;C:\Users\user\.m2\repository\org\springframework\boot\spring-boot-starter-security\3.2.3\spring-boot-starter-security-3.2.3.jar;C:\Users\user\.m2\repository\org\springframework\spring-aop\6.1.4\spring-aop-6.1.4.jar;C:\Users\user\.m2\repository\org\springframework\security\spring-security-config\6.2.2\spring-security-config-6.2.2.jar;C:\Users\user\.m2\repository\org\springframework\security\spring-security-web\6.2.2\spring-security-web-6.2.2.jar;C:\Users\user\.m2\repository\org\springframework\boot\spring-boot-starter-data-mongodb\3.2.3\spring-boot-starter-data-mongodb-3.2.3.jar;C:\Users\user\.m2\repository\org\mongodb\mongodb-driver-sync\4.11.1\mongodb-driver-sync-4.11.1.jar;C:\Users\user\.m2\repository\org\mongodb\bson\4.11.1\bson-4.11.1.jar;C:\Users\user\.m2\repository\org\mongodb\mongodb-driver-core\4.11.1\mongodb-driver-core-4.11.1.jar;C:\Users\user\.m2\repository\org\mongodb\bson-record-codec\4.11.1\bson-record-codec-4.11.1.jar;C:\Users\user\.m2\repository\org\springframework\data\spring-data-mongodb\4.2.3\spring-data-mongodb-4.2.3.jar;C:\Users\user\.m2\repository\org\springframework\spring-tx\6.1.4\spring-tx-6.1.4.jar;C:\Users\user\.m2\repository\org\springframework\data\spring-data-commons\3.2.3\spring-data-commons-3.2.3.jar;C:\Users\user\.m2\repository\org\slf4j\slf4j-api\2.0.12\slf4j-api-2.0.12.jar;C:\Users\user\.m2\repository\org\springframework\boot\spring-boot-starter-validation\3.2.3\spring-boot-starter-validation-3.2.3.jar;C:\Users\user\.m2\repository\org\apache\tomcat\embed\tomcat-embed-el\10.1.19\tomcat-embed-el-10.1.19.jar;C:\Users\user\.m2\repository\org\hibernate\validator\hibernate-validator\8.0.1.Final\hibernate-validator-8.0.1.Final.jar;C:\Users\user\.m2\repository\jakarta\validation\jakarta.validation-api\3.0.2\jakarta.validation-api-3.0.2.jar;C:\Users\user\.m2\repository\org\jboss\logging\jboss-logging\3.5.3.Final\jboss-logging-3.5.3.Final.jar;C:\Users\user\.m2\repository\com\fasterxml\classmate\1.6.0\classmate-1.6.0.jar;C:\Users\user\.m2\repository\io\jsonwebtoken\jjwt-api\0.11.5\jjwt-api-0.11.5.jar;C:\Users\user\.m2\repository\io\jsonwebtoken\jjwt-impl\0.11.5\jjwt-impl-0.11.5.jar;C:\Users\user\.m2\repository\io\jsonwebtoken\jjwt-jackson\0.11.5\jjwt-jackson-0.11.5.jar;C:\Users\user\.m2\repository\com\fasterxml\jackson\core\jackson-databind\2.15.4\jackson-databind-2.15.4.jar;C:\Users\user\.m2\repository\com\fasterxml\jackson\core\jackson-annotations\2.15.4\jackson-annotations-2.15.4.jar;C:\Users\user\.m2\repository\com\fasterxml\jackson\core\jackson-core\2.15.4\jackson-core-2.15.4.jar;C:\Users\user\.m2\repository\org\projectlombok\lombok\1.18.30\lombok-1.18.30.jar;C:\Users\user\.m2\repository\org\springframework\boot\spring-boot-starter-test\3.2.3\spring-boot-starter-test-3.2.3.jar;C:\Users\user\.m2\repository\org\springframework\boot\spring-boot-test\3.2.3\spring-boot-test-3.2.3.jar;C:\Users\user\.m2\repository\org\springframework\boot\spring-boot-test-autoconfigure\3.2.3\spring-boot-test-autoconfigure-3.2.3.jar;C:\Users\user\.m2\repository\com\jayway\jsonpath\json-path\2.9.0\json-path-2.9.0.jar;C:\Users\user\.m2\repository\jakarta\xml\bind\jakarta.xml.bind-api\4.0.1\jakarta.xml.bind-api-4.0.1.jar;C:\Users\user\.m2\repository\jakarta\activation\jakarta.activation-api\2.1.2\jakarta.activation-api-2.1.2.jar;C:\Users\user\.m2\repository\net\minidev\json-smart\2.5.0\json-smart-2.5.0.jar;C:\Users\user\.m2\repository\net\minidev\accessors-smart\2.5.0\accessors-smart-2.5.0.jar;C:\Users\user\.m2\repository\org\ow2\asm\asm\9.3\asm-9.3.jar;C:\Users\user\.m2\repository\org\assertj\assertj-core\3.24.2\assertj-core-3.24.2.jar;C:\Users\user\.m2\repository\net\bytebuddy\byte-buddy\1.14.12\byte-buddy-1.14.12.jar;C:\Users\user\.m2\repository\org\awaitility\awaitility\4.2.0\awaitility-4.2.0.jar;C:\Users\user\.m2\repository\org\hamcrest\hamcrest\2.2\hamcrest-2.2.jar;C:\Users\user\.m2\repository\org\junit\jupiter\junit-jupiter\5.10.2\junit-jupiter-5.10.2.jar;C:\Users\user\.m2\repository\org\junit\jupiter\junit-jupiter-api\5.10.2\junit-jupiter-api-5.10.2.jar;C:\Users\user\.m2\repository\org\opentest4j\opentest4j\1.3.0\opentest4j-1.3.0.jar;C:\Users\user\.m2\repository\org\junit\platform\junit-platform-commons\1.10.2\junit-platform-commons-1.10.2.jar;C:\Users\user\.m2\repository\org\apiguardian\apiguardian-api\1.1.2\apiguardian-api-1.1.2.jar;C:\Users\user\.m2\repository\org\junit\jupiter\junit-jupiter-params\5.10.2\junit-jupiter-params-5.10.2.jar;C:\Users\user\.m2\repository\org\junit\jupiter\junit-jupiter-engine\5.10.2\junit-jupiter-engine-5.10.2.jar;C:\Users\user\.m2\repository\org\junit\platform\junit-platform-engine\1.10.2\junit-platform-engine-1.10.2.jar;C:\Users\user\.m2\repository\org\mockito\mockito-core\5.7.0\mockito-core-5.7.0.jar;C:\Users\user\.m2\repository\net\bytebuddy\byte-buddy-agent\1.14.12\byte-buddy-agent-1.14.12.jar;C:\Users\user\.m2\repository\org\objenesis\objenesis\3.3\objenesis-3.3.jar;C:\Users\user\.m2\repository\org\mockito\mockito-junit-jupiter\5.7.0\mockito-junit-jupiter-5.7.0.jar;C:\Users\user\.m2\repository\org\skyscreamer\jsonassert\1.5.1\jsonassert-1.5.1.jar;C:\Users\user\.m2\repository\com\vaadin\external\google\android-json\0.0.20131108.vaadin1\android-json-0.0.20131108.vaadin1.jar;C:\Users\user\.m2\repository\org\springframework\spring-core\6.1.4\spring-core-6.1.4.jar;C:\Users\user\.m2\repository\org\springframework\spring-jcl\6.1.4\spring-jcl-6.1.4.jar;C:\Users\user\.m2\repository\org\springframework\spring-test\6.1.4\spring-test-6.1.4.jar;C:\Users\user\.m2\repository\org\xmlunit\xmlunit-core\2.9.1\xmlunit-core-2.9.1.jar;C:\Users\user\.m2\repository\org\springframework\security\spring-security-test\6.2.2\spring-security-test-6.2.2.jar;C:\Users\user\.m2\repository\org\springframework\security\spring-security-core\6.2.2\spring-security-core-6.2.2.jar;C:\Users\user\.m2\repository\org\springframework\security\spring-security-crypto\6.2.2\spring-security-crypto-6.2.2.jar;"/>
    <property name="java.vm.vendor" value="Oracle Corporation"/>
    <property name="sun.arch.data.model" value="64"/>
    <property name="user.variant" value=""/>
    <property name="java.vendor.url" value="https://java.oracle.com/"/>
    <property name="user.timezone" value="Asia/Calcutta"/>
    <property name="org.jboss.logging.provider" value="slf4j"/>
    <property name="os.name" value="Windows 11"/>
    <property name="java.vm.specification.version" value="23"/>
    <property name="sun.java.launcher" value="SUN_STANDARD"/>
    <property name="user.country" value="US"/>
    <property name="sun.boot.library.path" value="C:\Program Files\Java\jdk-23\bin"/>
    <property name="sun.java.command" value="C:\Users\user\AppData\Local\Temp\surefire16028457728171492126\surefirebooter-20250908221246109_3.jar C:\Users\user\AppData\Local\Temp\surefire16028457728171492126 2025-09-08T22-12-45_473-jvmRun1 surefire-20250908221246109_1tmp surefire_0-20250908221246109_2tmp"/>
    <property name="jdk.debug" value="release"/>
    <property name="surefire.test.class.path" value="C:\Users\user\Desktop\limitbeyond2.0\backend\target\test-classes;C:\Users\user\Desktop\limitbeyond2.0\backend\target\classes;C:\Users\user\.m2\repository\org\springframework\boot\spring-boot-starter-web\3.2.3\spring-boot-starter-web-3.2.3.jar;C:\Users\user\.m2\repository\org\springframework\boot\spring-boot-starter\3.2.3\spring-boot-starter-3.2.3.jar;C:\Users\user\.m2\repository\org\springframework\boot\spring-boot\3.2.3\spring-boot-3.2.3.jar;C:\Users\user\.m2\repository\org\springframework\boot\spring-boot-autoconfigure\3.2.3\spring-boot-autoconfigure-3.2.3.jar;C:\Users\user\.m2\repository\org\springframework\boot\spring-boot-starter-logging\3.2.3\spring-boot-starter-logging-3.2.3.jar;C:\Users\user\.m2\repository\ch\qos\logback\logback-classic\1.4.14\logback-classic-1.4.14.jar;C:\Users\user\.m2\repository\ch\qos\logback\logback-core\1.4.14\logback-core-1.4.14.jar;C:\Users\user\.m2\repository\org\apache\logging\log4j\log4j-to-slf4j\2.21.1\log4j-to-slf4j-2.21.1.jar;C:\Users\user\.m2\repository\org\apache\logging\log4j\log4j-api\2.21.1\log4j-api-2.21.1.jar;C:\Users\user\.m2\repository\org\slf4j\jul-to-slf4j\2.0.12\jul-to-slf4j-2.0.12.jar;C:\Users\user\.m2\repository\jakarta\annotation\jakarta.annotation-api\2.1.1\jakarta.annotation-api-2.1.1.jar;C:\Users\user\.m2\repository\org\yaml\snakeyaml\2.2\snakeyaml-2.2.jar;C:\Users\user\.m2\repository\org\springframework\boot\spring-boot-starter-json\3.2.3\spring-boot-starter-json-3.2.3.jar;C:\Users\user\.m2\repository\com\fasterxml\jackson\datatype\jackson-datatype-jdk8\2.15.4\jackson-datatype-jdk8-2.15.4.jar;C:\Users\user\.m2\repository\com\fasterxml\jackson\datatype\jackson-datatype-jsr310\2.15.4\jackson-datatype-jsr310-2.15.4.jar;C:\Users\user\.m2\repository\com\fasterxml\jackson\module\jackson-module-parameter-names\2.15.4\jackson-module-parameter-names-2.15.4.jar;C:\Users\user\.m2\repository\org\springframework\boot\spring-boot-starter-tomcat\3.2.3\spring-boot-starter-tomcat-3.2.3.jar;C:\Users\user\.m2\repository\org\apache\tomcat\embed\tomcat-embed-core\10.1.19\tomcat-embed-core-10.1.19.jar;C:\Users\user\.m2\repository\org\apache\tomcat\embed\tomcat-embed-websocket\10.1.19\tomcat-embed-websocket-10.1.19.jar;C:\Users\user\.m2\repository\org\springframework\spring-web\6.1.4\spring-web-6.1.4.jar;C:\Users\user\.m2\repository\org\springframework\spring-beans\6.1.4\spring-beans-6.1.4.jar;C:\Users\user\.m2\repository\io\micrometer\micrometer-observation\1.12.3\micrometer-observation-1.12.3.jar;C:\Users\user\.m2\repository\io\micrometer\micrometer-commons\1.12.3\micrometer-commons-1.12.3.jar;C:\Users\user\.m2\repository\org\springframework\spring-webmvc\6.1.4\spring-webmvc-6.1.4.jar;C:\Users\user\.m2\repository\org\springframework\spring-context\6.1.4\spring-context-6.1.4.jar;C:\Users\user\.m2\repository\org\springframework\spring-expression\6.1.4\spring-expression-6.1.4.jar;C:\Users\user\.m2\repository\org\springframework\boot\spring-boot-starter-security\3.2.3\spring-boot-starter-security-3.2.3.jar;C:\Users\user\.m2\repository\org\springframework\spring-aop\6.1.4\spring-aop-6.1.4.jar;C:\Users\user\.m2\repository\org\springframework\security\spring-security-config\6.2.2\spring-security-config-6.2.2.jar;C:\Users\user\.m2\repository\org\springframework\security\spring-security-web\6.2.2\spring-security-web-6.2.2.jar;C:\Users\user\.m2\repository\org\springframework\boot\spring-boot-starter-data-mongodb\3.2.3\spring-boot-starter-data-mongodb-3.2.3.jar;C:\Users\user\.m2\repository\org\mongodb\mongodb-driver-sync\4.11.1\mongodb-driver-sync-4.11.1.jar;C:\Users\user\.m2\repository\org\mongodb\bson\4.11.1\bson-4.11.1.jar;C:\Users\user\.m2\repository\org\mongodb\mongodb-driver-core\4.11.1\mongodb-driver-core-4.11.1.jar;C:\Users\user\.m2\repository\org\mongodb\bson-record-codec\4.11.1\bson-record-codec-4.11.1.jar;C:\Users\user\.m2\repository\org\springframework\data\spring-data-mongodb\4.2.3\spring-data-mongodb-4.2.3.jar;C:\Users\user\.m2\repository\org\springframework\spring-tx\6.1.4\spring-tx-6.1.4.jar;C:\Users\user\.m2\repository\org\springframework\data\spring-data-commons\3.2.3\spring-data-commons-3.2.3.jar;C:\Users\user\.m2\repository\org\slf4j\slf4j-api\2.0.12\slf4j-api-2.0.12.jar;C:\Users\user\.m2\repository\org\springframework\boot\spring-boot-starter-validation\3.2.3\spring-boot-starter-validation-3.2.3.jar;C:\Users\user\.m2\repository\org\apache\tomcat\embed\tomcat-embed-el\10.1.19\tomcat-embed-el-10.1.19.jar;C:\Users\user\.m2\repository\org\hibernate\validator\hibernate-validator\8.0.1.Final\hibernate-validator-8.0.1.Final.jar;C:\Users\user\.m2\repository\jakarta\validation\jakarta.validation-api\3.0.2\jakarta.validation-api-3.0.2.jar;C:\Users\user\.m2\repository\org\jboss\logging\jboss-logging\3.5.3.Final\jboss-logging-3.5.3.Final.jar;C:\Users\user\.m2\repository\com\fasterxml\classmate\1.6.0\classmate-1.6.0.jar;C:\Users\user\.m2\repository\io\jsonwebtoken\jjwt-api\0.11.5\jjwt-api-0.11.5.jar;C:\Users\user\.m2\repository\io\jsonwebtoken\jjwt-impl\0.11.5\jjwt-impl-0.11.5.jar;C:\Users\user\.m2\repository\io\jsonwebtoken\jjwt-jackson\0.11.5\jjwt-jackson-0.11.5.jar;C:\Users\user\.m2\repository\com\fasterxml\jackson\core\jackson-databind\2.15.4\jackson-databind-2.15.4.jar;C:\Users\user\.m2\repository\com\fasterxml\jackson\core\jackson-annotations\2.15.4\jackson-annotations-2.15.4.jar;C:\Users\user\.m2\repository\com\fasterxml\jackson\core\jackson-core\2.15.4\jackson-core-2.15.4.jar;C:\Users\user\.m2\repository\org\projectlombok\lombok\1.18.30\lombok-1.18.30.jar;C:\Users\user\.m2\repository\org\springframework\boot\spring-boot-starter-test\3.2.3\spring-boot-starter-test-3.2.3.jar;C:\Users\user\.m2\repository\org\springframework\boot\spring-boot-test\3.2.3\spring-boot-test-3.2.3.jar;C:\Users\user\.m2\repository\org\springframework\boot\spring-boot-test-autoconfigure\3.2.3\spring-boot-test-autoconfigure-3.2.3.jar;C:\Users\user\.m2\repository\com\jayway\jsonpath\json-path\2.9.0\json-path-2.9.0.jar;C:\Users\user\.m2\repository\jakarta\xml\bind\jakarta.xml.bind-api\4.0.1\jakarta.xml.bind-api-4.0.1.jar;C:\Users\user\.m2\repository\jakarta\activation\jakarta.activation-api\2.1.2\jakarta.activation-api-2.1.2.jar;C:\Users\user\.m2\repository\net\minidev\json-smart\2.5.0\json-smart-2.5.0.jar;C:\Users\user\.m2\repository\net\minidev\accessors-smart\2.5.0\accessors-smart-2.5.0.jar;C:\Users\user\.m2\repository\org\ow2\asm\asm\9.3\asm-9.3.jar;C:\Users\user\.m2\repository\org\assertj\assertj-core\3.24.2\assertj-core-3.24.2.jar;C:\Users\user\.m2\repository\net\bytebuddy\byte-buddy\1.14.12\byte-buddy-1.14.12.jar;C:\Users\user\.m2\repository\org\awaitility\awaitility\4.2.0\awaitility-4.2.0.jar;C:\Users\user\.m2\repository\org\hamcrest\hamcrest\2.2\hamcrest-2.2.jar;C:\Users\user\.m2\repository\org\junit\jupiter\junit-jupiter\5.10.2\junit-jupiter-5.10.2.jar;C:\Users\user\.m2\repository\org\junit\jupiter\junit-jupiter-api\5.10.2\junit-jupiter-api-5.10.2.jar;C:\Users\user\.m2\repository\org\opentest4j\opentest4j\1.3.0\opentest4j-1.3.0.jar;C:\Users\user\.m2\repository\org\junit\platform\junit-platform-commons\1.10.2\junit-platform-commons-1.10.2.jar;C:\Users\user\.m2\repository\org\apiguardian\apiguardian-api\1.1.2\apiguardian-api-1.1.2.jar;C:\Users\user\.m2\repository\org\junit\jupiter\junit-jupiter-params\5.10.2\junit-jupiter-params-5.10.2.jar;C:\Users\user\.m2\repository\org\junit\jupiter\junit-jupiter-engine\5.10.2\junit-jupiter-engine-5.10.2.jar;C:\Users\user\.m2\repository\org\junit\platform\junit-platform-engine\1.10.2\junit-platform-engine-1.10.2.jar;C:\Users\user\.m2\repository\org\mockito\mockito-core\5.7.0\mockito-core-5.7.0.jar;C:\Users\user\.m2\repository\net\bytebuddy\byte-buddy-agent\1.14.12\byte-buddy-agent-1.14.12.jar;C:\Users\user\.m2\repository\org\objenesis\objenesis\3.3\objenesis-3.3.jar;C:\Users\user\.m2\repository\org\mockito\mockito-junit-jupiter\5.7.0\mockito-junit-jupiter-5.7.0.jar;C:\Users\user\.m2\repository\org\skyscreamer\jsonassert\1.5.1\jsonassert-1.5.1.jar;C:\Users\user\.m2\repository\com\vaadin\external\google\android-json\0.0.20131108.vaadin1\android-json-0.0.20131108.vaadin1.jar;C:\Users\user\.m2\repository\org\springframework\spring-core\6.1.4\spring-core-6.1.4.jar;C:\Users\user\.m2\repository\org\springframework\spring-jcl\6.1.4\spring-jcl-6.1.4.jar;C:\Users\user\.m2\repository\org\springframework\spring-test\6.1.4\spring-test-6.1.4.jar;C:\Users\user\.m2\repository\org\xmlunit\xmlunit-core\2.9.1\xmlunit-core-2.9.1.jar;C:\Users\user\.m2\repository\org\springframework\security\spring-security-test\6.2.2\spring-security-test-6.2.2.jar;C:\Users\user\.m2\repository\org\springframework\security\spring-security-core\6.2.2\spring-security-core-6.2.2.jar;C:\Users\user\.m2\repository\org\springframework\security\spring-security-crypto\6.2.2\spring-security-crypto-6.2.2.jar;"/>
    <property name="sun.cpu.endian" value="little"/>
    <property name="user.home" value="C:\Users\user"/>
    <property name="user.language" value="en"/>
    <property name="java.specification.vendor" value="Oracle Corporation"/>
    <property name="java.version.date" value="2024-10-15"/>
    <property name="java.home" value="C:\Program Files\Java\jdk-23"/>
    <property name="file.separator" value="\"/>
    <property name="basedir" value="C:\Users\user\Desktop\limitbeyond2.0\backend"/>
    <property name="java.vm.compressedOopsMode" value="32-bit"/>
    <property name="line.separator" value="&#10;"/>
    <property name="java.vm.specification.vendor" value="Oracle Corporation"/>
    <property name="java.specification.name" value="Java Platform API Specification"/>
    <property name="FILE_LOG_CHARSET" value="UTF-8"/>
    <property name="java.awt.headless" value="true"/>
    <property name="surefire.real.class.path" value="C:\Users\user\AppData\Local\Temp\surefire16028457728171492126\surefirebooter-20250908221246109_3.jar"/>
    <property name="user.script" value=""/>
    <property name="sun.management.compiler" value="HotSpot 64-Bit Tiered Compilers"/>
    <property name="java.runtime.version" value="23.0.1+11-39"/>
    <property name="user.name" value="user"/>
    <property name="stdout.encoding" value="Cp1252"/>
    <property name="path.separator" value=";"/>
    <property name="os.version" value="10.0"/>
    <property name="java.runtime.name" value="Java(TM) SE Runtime Environment"/>
    <property name="file.encoding" value="UTF-8"/>
    <property name="java.vm.name" value="Java HotSpot(TM) 64-Bit Server VM"/>
    <property name="localRepository" value="C:\Users\user\.m2\repository"/>
    <property name="java.vendor.url.bug" value="https://bugreport.java.com/bugreport/"/>
    <property name="java.io.tmpdir" value="C:\Users\user\AppData\Local\Temp\"/>
    <property name="java.version" value="23.0.1"/>
    <property name="user.dir" value="C:\Users\user\Desktop\limitbeyond2.0\backend"/>
    <property name="os.arch" value="amd64"/>
    <property name="java.vm.specification.name" value="Java Virtual Machine Specification"/>
    <property name="PID" value="6804"/>
    <property name="sun.os.patch.level" value=""/>
    <property name="CONSOLE_LOG_CHARSET" value="UTF-8"/>
    <property name="native.encoding" value="Cp1252"/>
    <property name="java.library.path" value="C:\Program Files\Java\jdk-23\bin;C:\WINDOWS\Sun\Java\bin;C:\WINDOWS\system32;C:\WINDOWS;C:\Program Files\Java\jdk-23;C:\Python313\Scripts\;C:\Python313\;C:\apache-maven-3.9.9\bin;C:\Program Files\nodejs\;C:\ProgramData\chocolatey\bin;C:\Program Files\Docker\Docker\resources\bin;C:\Program Files\Java\jdk-23\bin;C:\WINDOWS\system32;C:\WINDOWS;C:\WINDOWS\System32\Wbem;C:\WINDOWS\System32\WindowsPowerShell\v1.0\;C:\WINDOWS\System32\OpenSSH\;C:\Program Files\dotnet\;C:\Program Files\Git\cmd;C:\Program Files\Java\jdk-23\bin;C:\Users\user\AppData\Local\Programs\cursor\resources\app\bin;c:\Users\user\AppData\Roaming\Code\User\globalStorage\github.copilot-chat\debugCommand;."/>
    <property name="java.vm.info" value="mixed mode, sharing"/>
    <property name="stderr.encoding" value="Cp1252"/>
    <property name="java.vendor" value="Oracle Corporation"/>
    <property name="java.vm.version" value="23.0.1+11-39"/>
    <property name="sun.io.unicode.encoding" value="UnicodeLittle"/>
    <property name="java.class.version" value="67.0"/>
  </properties>
  <testcase name="testRespondToFeedback" classname="com.limitbeyond.controller.FeedbackControllerTest" time="0.686">
    <system-out><![CDATA[2025-09-08T22:13:07.256+05:30  INFO 6804 --- [           main] t.c.s.AnnotationConfigContextLoaderUtils : Could not detect default configuration classes for test class [com.limitbeyond.controller.FeedbackControllerTest]: FeedbackControllerTest does not declare any static, non-private, non-final, nested classes annotated with @Configuration.
2025-09-08T22:13:07.260+05:30  INFO 6804 --- [           main] .b.t.c.SpringBootTestContextBootstrapper : Found @SpringBootConfiguration com.limitbeyond.LimitBeyondApplication for test class com.limitbeyond.controller.FeedbackControllerTest
2025-09-08T22:13:07.268+05:30 DEBUG 6804 --- [           main] o.s.data.mongodb.core.MongoTemplate      : Remove using query: {} in collection: users.
2025-09-08T22:13:07.321+05:30 DEBUG 6804 --- [           main] o.s.data.mongodb.core.MongoTemplate      : Remove using query: {} in collection: feedback.
2025-09-08T22:13:07.459+05:30 DEBUG 6804 --- [           main] o.s.data.mongodb.core.MongoTemplate      : Inserting Document containing fields: [username, email, password, roles, active, assignedMembers, weightHistory, _class] in collection: users
2025-09-08T22:13:07.597+05:30 DEBUG 6804 --- [           main] o.s.data.mongodb.core.MongoTemplate      : Inserting Document containing fields: [username, email, password, roles, active, assignedMembers, weightHistory, _class] in collection: users
2025-09-08T22:13:07.650+05:30 DEBUG 6804 --- [           main] o.s.data.mongodb.core.MongoTemplate      : Inserting Document containing fields: [memberId, title, content, createdAt, responses, _class] in collection: feedback
2025-09-08T22:13:07.708+05:30 DEBUG 6804 --- [           main] o.s.security.web.FilterChainProxy        : Securing POST /api/feedback/68bf079bbce6681c6b8863ff/respond
2025-09-08T22:13:07.713+05:30 DEBUG 6804 --- [           main] o.s.data.mongodb.core.MongoTemplate      : findOne using query: { "id" : "68bf079bbce6681c6b8863fe"} fields: Document{{}} for class: class com.limitbeyond.model.User in collection: users
2025-09-08T22:13:07.753+05:30 DEBUG 6804 --- [           main] o.s.security.web.FilterChainProxy        : Secured POST /api/feedback/68bf079bbce6681c6b8863ff/respond
2025-09-08T22:13:07.754+05:30 DEBUG 6804 --- [           main] s.w.s.m.m.a.RequestMappingHandlerMapping : Mapped to com.limitbeyond.controller.FeedbackController#respondToFeedback(String, ResponseRequest)
2025-09-08T22:13:07.756+05:30 DEBUG 6804 --- [           main] m.m.a.RequestResponseBodyMethodProcessor : Read "application/json;charset=UTF-8" to [com.limitbeyond.controller.FeedbackController$ResponseRequest@8d52313]
2025-09-08T22:13:07.756+05:30 DEBUG 6804 --- [           main] horizationManagerBeforeMethodInterceptor : Authorizing method invocation ReflectiveMethodInvocation: public org.springframework.http.ResponseEntity com.limitbeyond.controller.FeedbackController.respondToFeedback(java.lang.String,com.limitbeyond.controller.FeedbackController$ResponseRequest); target is of class [com.limitbeyond.controller.FeedbackController]
2025-09-08T22:13:07.758+05:30 DEBUG 6804 --- [           main] horizationManagerBeforeMethodInterceptor : Authorized method invocation ReflectiveMethodInvocation: public org.springframework.http.ResponseEntity com.limitbeyond.controller.FeedbackController.respondToFeedback(java.lang.String,com.limitbeyond.controller.FeedbackController$ResponseRequest); target is of class [com.limitbeyond.controller.FeedbackController]
2025-09-08T22:13:07.758+05:30 DEBUG 6804 --- [           main] o.s.d.m.r.query.MongoQueryCreator        : Created query Query: { "username" : "trainer"}, Fields: {}, Sort: {}
2025-09-08T22:13:07.759+05:30 DEBUG 6804 --- [           main] o.s.data.mongodb.core.MongoTemplate      : find using query: { "username" : "trainer"} fields: Document{{}} for class: class com.limitbeyond.model.User in collection: users
2025-09-08T22:13:07.806+05:30 DEBUG 6804 --- [           main] o.s.data.mongodb.core.MongoTemplate      : findOne using query: { "id" : "68bf079bbce6681c6b8863ff"} fields: Document{{}} for class: class com.limitbeyond.model.Feedback in collection: feedback
2025-09-08T22:13:07.848+05:30 DEBUG 6804 --- [           main] o.s.data.mongodb.core.MongoTemplate      : Saving Document containing fields: [_id, memberId, title, content, createdAt, responses, _class]
2025-09-08T22:13:07.892+05:30 DEBUG 6804 --- [           main] o.s.w.s.m.m.a.HttpEntityMethodProcessor  : Using 'text/plain', given [*/*] and supported [text/plain, */*, application/json, application/*+json]
2025-09-08T22:13:07.892+05:30 DEBUG 6804 --- [           main] o.s.w.s.m.m.a.HttpEntityMethodProcessor  : Writing ["Response added successfully"]
2025-09-08T22:13:07.895+05:30 DEBUG 6804 --- [           main] o.s.security.web.FilterChainProxy        : Securing POST /api/feedback/68bf079bbce6681c6b8863ff/respond
2025-09-08T22:13:07.903+05:30 DEBUG 6804 --- [           main] o.s.data.mongodb.core.MongoTemplate      : findOne using query: { "id" : "68bf079bbce6681c6b8863fd"} fields: Document{{}} for class: class com.limitbeyond.model.User in collection: users
2025-09-08T22:13:07.945+05:30 DEBUG 6804 --- [           main] o.s.security.web.FilterChainProxy        : Secured POST /api/feedback/68bf079bbce6681c6b8863ff/respond
2025-09-08T22:13:07.946+05:30 DEBUG 6804 --- [           main] s.w.s.m.m.a.RequestMappingHandlerMapping : Mapped to com.limitbeyond.controller.FeedbackController#respondToFeedback(String, ResponseRequest)
2025-09-08T22:13:07.946+05:30 DEBUG 6804 --- [           main] m.m.a.RequestResponseBodyMethodProcessor : Read "application/json;charset=UTF-8" to [com.limitbeyond.controller.FeedbackController$ResponseRequest@346a2799]
2025-09-08T22:13:07.948+05:30 DEBUG 6804 --- [           main] horizationManagerBeforeMethodInterceptor : Authorizing method invocation ReflectiveMethodInvocation: public org.springframework.http.ResponseEntity com.limitbeyond.controller.FeedbackController.respondToFeedback(java.lang.String,com.limitbeyond.controller.FeedbackController$ResponseRequest); target is of class [com.limitbeyond.controller.FeedbackController]
2025-09-08T22:13:07.948+05:30 DEBUG 6804 --- [           main] horizationManagerBeforeMethodInterceptor : Failed to authorize ReflectiveMethodInvocation: public org.springframework.http.ResponseEntity com.limitbeyond.controller.FeedbackController.respondToFeedback(java.lang.String,com.limitbeyond.controller.FeedbackController$ResponseRequest); target is of class [com.limitbeyond.controller.FeedbackController] with authorization manager org.springframework.security.config.annotation.method.configuration.DeferringObservationAuthorizationManager@38834000 and decision ExpressionAuthorizationDecision [granted=false, expressionAttribute=hasAnyRole('ADMIN', 'TRAINER')]
2025-09-08T22:13:07.949+05:30 DEBUG 6804 --- [           main] o.s.s.w.access.AccessDeniedHandlerImpl   : Responding with 403 status code
]]></system-out>
  </testcase>
  <testcase name="testCreateFeedback" classname="com.limitbeyond.controller.FeedbackControllerTest" time="0.572">
    <system-out><![CDATA[2025-09-08T22:13:07.956+05:30 DEBUG 6804 --- [           main] o.s.data.mongodb.core.MongoTemplate      : Remove using query: {} in collection: users.
2025-09-08T22:13:08.009+05:30 DEBUG 6804 --- [           main] o.s.data.mongodb.core.MongoTemplate      : Remove using query: {} in collection: feedback.
2025-09-08T22:13:08.139+05:30 DEBUG 6804 --- [           main] o.s.data.mongodb.core.MongoTemplate      : Inserting Document containing fields: [username, email, password, roles, active, assignedMembers, weightHistory, _class] in collection: users
2025-09-08T22:13:08.269+05:30 DEBUG 6804 --- [           main] o.s.data.mongodb.core.MongoTemplate      : Inserting Document containing fields: [username, email, password, roles, active, assignedMembers, weightHistory, _class] in collection: users
2025-09-08T22:13:08.309+05:30 DEBUG 6804 --- [           main] o.s.security.web.FilterChainProxy        : Securing POST /api/feedback
2025-09-08T22:13:08.315+05:30 DEBUG 6804 --- [           main] o.s.data.mongodb.core.MongoTemplate      : findOne using query: { "id" : "68bf079cbce6681c6b886400"} fields: Document{{}} for class: class com.limitbeyond.model.User in collection: users
2025-09-08T22:13:08.359+05:30 DEBUG 6804 --- [           main] o.s.security.web.FilterChainProxy        : Secured POST /api/feedback
2025-09-08T22:13:08.360+05:30 DEBUG 6804 --- [           main] s.w.s.m.m.a.RequestMappingHandlerMapping : Mapped to com.limitbeyond.controller.FeedbackController#createFeedback(FeedbackRequest)
2025-09-08T22:13:08.361+05:30 DEBUG 6804 --- [           main] m.m.a.RequestResponseBodyMethodProcessor : Read "application/json;charset=UTF-8" to [com.limitbeyond.controller.FeedbackController$FeedbackRequest@50841932]
2025-09-08T22:13:08.362+05:30 DEBUG 6804 --- [           main] horizationManagerBeforeMethodInterceptor : Authorizing method invocation ReflectiveMethodInvocation: public org.springframework.http.ResponseEntity com.limitbeyond.controller.FeedbackController.createFeedback(com.limitbeyond.controller.FeedbackController$FeedbackRequest); target is of class [com.limitbeyond.controller.FeedbackController]
2025-09-08T22:13:08.362+05:30 DEBUG 6804 --- [           main] horizationManagerBeforeMethodInterceptor : Authorized method invocation ReflectiveMethodInvocation: public org.springframework.http.ResponseEntity com.limitbeyond.controller.FeedbackController.createFeedback(com.limitbeyond.controller.FeedbackController$FeedbackRequest); target is of class [com.limitbeyond.controller.FeedbackController]
2025-09-08T22:13:08.362+05:30 DEBUG 6804 --- [           main] o.s.d.m.r.query.MongoQueryCreator        : Created query Query: { "username" : "member"}, Fields: {}, Sort: {}
2025-09-08T22:13:08.363+05:30 DEBUG 6804 --- [           main] o.s.data.mongodb.core.MongoTemplate      : find using query: { "username" : "member"} fields: Document{{}} for class: class com.limitbeyond.model.User in collection: users
2025-09-08T22:13:08.407+05:30 DEBUG 6804 --- [           main] o.s.data.mongodb.core.MongoTemplate      : Inserting Document containing fields: [memberId, title, content, createdAt, responses, _class] in collection: feedback
2025-09-08T22:13:08.461+05:30 DEBUG 6804 --- [           main] o.s.w.s.m.m.a.HttpEntityMethodProcessor  : Using 'text/plain', given [*/*] and supported [text/plain, */*, application/json, application/*+json]
2025-09-08T22:13:08.462+05:30 DEBUG 6804 --- [           main] o.s.w.s.m.m.a.HttpEntityMethodProcessor  : Writing ["Feedback submitted successfully"]
2025-09-08T22:13:08.464+05:30 DEBUG 6804 --- [           main] o.s.security.web.FilterChainProxy        : Securing POST /api/feedback
2025-09-08T22:13:08.470+05:30 DEBUG 6804 --- [           main] o.s.data.mongodb.core.MongoTemplate      : findOne using query: { "id" : "68bf079cbce6681c6b886401"} fields: Document{{}} for class: class com.limitbeyond.model.User in collection: users
2025-09-08T22:13:08.521+05:30 DEBUG 6804 --- [           main] o.s.security.web.FilterChainProxy        : Secured POST /api/feedback
2025-09-08T22:13:08.521+05:30 DEBUG 6804 --- [           main] s.w.s.m.m.a.RequestMappingHandlerMapping : Mapped to com.limitbeyond.controller.FeedbackController#createFeedback(FeedbackRequest)
2025-09-08T22:13:08.522+05:30 DEBUG 6804 --- [           main] m.m.a.RequestResponseBodyMethodProcessor : Read "application/json;charset=UTF-8" to [com.limitbeyond.controller.FeedbackController$FeedbackRequest@3b95fce9]
2025-09-08T22:13:08.522+05:30 DEBUG 6804 --- [           main] horizationManagerBeforeMethodInterceptor : Authorizing method invocation ReflectiveMethodInvocation: public org.springframework.http.ResponseEntity com.limitbeyond.controller.FeedbackController.createFeedback(com.limitbeyond.controller.FeedbackController$FeedbackRequest); target is of class [com.limitbeyond.controller.FeedbackController]
2025-09-08T22:13:08.522+05:30 DEBUG 6804 --- [           main] horizationManagerBeforeMethodInterceptor : Failed to authorize ReflectiveMethodInvocation: public org.springframework.http.ResponseEntity com.limitbeyond.controller.FeedbackController.createFeedback(com.limitbeyond.controller.FeedbackController$FeedbackRequest); target is of class [com.limitbeyond.controller.FeedbackController] with authorization manager org.springframework.security.config.annotation.method.configuration.DeferringObservationAuthorizationManager@38834000 and decision ExpressionAuthorizationDecision [granted=false, expressionAttribute=hasRole('MEMBER')]
2025-09-08T22:13:08.523+05:30 DEBUG 6804 --- [           main] o.s.s.w.access.AccessDeniedHandlerImpl   : Responding with 403 status code
]]></system-out>
  </testcase>
  <testcase name="testGetFeedback" classname="com.limitbeyond.controller.FeedbackControllerTest" time="0.744">
    <system-out><![CDATA[2025-09-08T22:13:08.529+05:30 DEBUG 6804 --- [           main] o.s.data.mongodb.core.MongoTemplate      : Remove using query: {} in collection: users.
2025-09-08T22:13:08.588+05:30 DEBUG 6804 --- [           main] o.s.data.mongodb.core.MongoTemplate      : Remove using query: {} in collection: feedback.
2025-09-08T22:13:08.714+05:30 DEBUG 6804 --- [           main] o.s.data.mongodb.core.MongoTemplate      : Inserting Document containing fields: [username, email, password, roles, active, assignedMembers, weightHistory, _class] in collection: users
2025-09-08T22:13:08.851+05:30 DEBUG 6804 --- [           main] o.s.data.mongodb.core.MongoTemplate      : Inserting Document containing fields: [username, email, password, roles, active, assignedMembers, weightHistory, _class] in collection: users
2025-09-08T22:13:08.906+05:30 DEBUG 6804 --- [           main] o.s.data.mongodb.core.MongoTemplate      : Inserting Document containing fields: [memberId, title, content, createdAt, responses, _class] in collection: feedback
2025-09-08T22:13:08.967+05:30 DEBUG 6804 --- [           main] o.s.security.web.FilterChainProxy        : Securing GET /api/feedback
2025-09-08T22:13:08.971+05:30 DEBUG 6804 --- [           main] o.s.data.mongodb.core.MongoTemplate      : findOne using query: { "id" : "68bf079cbce6681c6b886403"} fields: Document{{}} for class: class com.limitbeyond.model.User in collection: users
2025-09-08T22:13:09.031+05:30 DEBUG 6804 --- [           main] o.s.security.web.FilterChainProxy        : Secured GET /api/feedback
2025-09-08T22:13:09.032+05:30 DEBUG 6804 --- [           main] s.w.s.m.m.a.RequestMappingHandlerMapping : Mapped to com.limitbeyond.controller.FeedbackController#getFeedback()
2025-09-08T22:13:09.033+05:30 DEBUG 6804 --- [           main] horizationManagerBeforeMethodInterceptor : Authorizing method invocation ReflectiveMethodInvocation: public org.springframework.http.ResponseEntity com.limitbeyond.controller.FeedbackController.getFeedback(); target is of class [com.limitbeyond.controller.FeedbackController]
2025-09-08T22:13:09.034+05:30 DEBUG 6804 --- [           main] horizationManagerBeforeMethodInterceptor : Authorized method invocation ReflectiveMethodInvocation: public org.springframework.http.ResponseEntity com.limitbeyond.controller.FeedbackController.getFeedback(); target is of class [com.limitbeyond.controller.FeedbackController]
2025-09-08T22:13:09.034+05:30 DEBUG 6804 --- [           main] o.s.d.m.r.query.MongoQueryCreator        : Created query Query: { "username" : "member"}, Fields: {}, Sort: {}
2025-09-08T22:13:09.034+05:30 DEBUG 6804 --- [           main] o.s.data.mongodb.core.MongoTemplate      : find using query: { "username" : "member"} fields: Document{{}} for class: class com.limitbeyond.model.User in collection: users
2025-09-08T22:13:09.083+05:30 DEBUG 6804 --- [           main] o.s.d.m.r.query.MongoQueryCreator        : Created query Query: { "memberId" : "68bf079cbce6681c6b886403"}, Fields: {}, Sort: { "createdAt" : -1}
2025-09-08T22:13:09.084+05:30 DEBUG 6804 --- [           main] o.s.data.mongodb.core.MongoTemplate      : find using query: { "memberId" : "68bf079cbce6681c6b886403"} fields: Document{{}} for class: class com.limitbeyond.model.Feedback in collection: feedback
2025-09-08T22:13:09.133+05:30 DEBUG 6804 --- [           main] o.s.w.s.m.m.a.HttpEntityMethodProcessor  : Using 'application/json', given [*/*] and supported [application/json, application/*+json]
2025-09-08T22:13:09.133+05:30 DEBUG 6804 --- [           main] o.s.w.s.m.m.a.HttpEntityMethodProcessor  : Writing [[com.limitbeyond.model.Feedback@7f6a6d46]]
2025-09-08T22:13:09.136+05:30 DEBUG 6804 --- [           main] o.s.security.web.FilterChainProxy        : Securing GET /api/feedback
2025-09-08T22:13:09.141+05:30 DEBUG 6804 --- [           main] o.s.data.mongodb.core.MongoTemplate      : findOne using query: { "id" : "68bf079cbce6681c6b886404"} fields: Document{{}} for class: class com.limitbeyond.model.User in collection: users
2025-09-08T22:13:09.183+05:30 DEBUG 6804 --- [           main] o.s.security.web.FilterChainProxy        : Secured GET /api/feedback
2025-09-08T22:13:09.183+05:30 DEBUG 6804 --- [           main] s.w.s.m.m.a.RequestMappingHandlerMapping : Mapped to com.limitbeyond.controller.FeedbackController#getFeedback()
2025-09-08T22:13:09.184+05:30 DEBUG 6804 --- [           main] horizationManagerBeforeMethodInterceptor : Authorizing method invocation ReflectiveMethodInvocation: public org.springframework.http.ResponseEntity com.limitbeyond.controller.FeedbackController.getFeedback(); target is of class [com.limitbeyond.controller.FeedbackController]
2025-09-08T22:13:09.184+05:30 DEBUG 6804 --- [           main] horizationManagerBeforeMethodInterceptor : Authorized method invocation ReflectiveMethodInvocation: public org.springframework.http.ResponseEntity com.limitbeyond.controller.FeedbackController.getFeedback(); target is of class [com.limitbeyond.controller.FeedbackController]
2025-09-08T22:13:09.184+05:30 DEBUG 6804 --- [           main] o.s.d.m.r.query.MongoQueryCreator        : Created query Query: { "username" : "trainer"}, Fields: {}, Sort: {}
2025-09-08T22:13:09.185+05:30 DEBUG 6804 --- [           main] o.s.data.mongodb.core.MongoTemplate      : find using query: { "username" : "trainer"} fields: Document{{}} for class: class com.limitbeyond.model.User in collection: users
2025-09-08T22:13:09.226+05:30 DEBUG 6804 --- [           main] o.s.data.mongodb.core.MongoTemplate      : find using query: {} fields: Document{{}} for class: class com.limitbeyond.model.Feedback in collection: feedback
2025-09-08T22:13:09.268+05:30 DEBUG 6804 --- [           main] o.s.w.s.m.m.a.HttpEntityMethodProcessor  : Using 'application/json', given [*/*] and supported [application/json, application/*+json]
2025-09-08T22:13:09.268+05:30 DEBUG 6804 --- [           main] o.s.w.s.m.m.a.HttpEntityMethodProcessor  : Writing [[com.limitbeyond.model.Feedback@3113595e]]
]]></system-out>
  </testcase>
</testsuite>